  [1m[36m (62.5ms)[0m  [1mCREATE TABLE "schema_migrations" ("version" varchar(255) NOT NULL) [0m
  [1m[35m (93.8ms)[0m  CREATE UNIQUE INDEX "unique_schema_migrations" ON "schema_migrations" ("version")
  [1m[36mActiveRecord::SchemaMigration Load (0.0ms)[0m  [1mSELECT "schema_migrations".* FROM "schema_migrations"[0m
Migrating to CreateKittens (20140904105616)
  [1m[35m (0.0ms)[0m  begin transaction
  [1m[36m (0.0ms)[0m  [1mCREATE TABLE "kittens" ("id" INTEGER PRIMARY KEY AUTOINCREMENT NOT NULL, "name" varchar(255), "age" integer, "cuteness" varchar(255), "softness" varchar(255), "created_at" datetime, "updated_at" datetime) [0m
  [1m[35mSQL (0.0ms)[0m  INSERT INTO "schema_migrations" ("version") VALUES (?)  [["version", "20140904105616"]]
  [1m[36m (78.1ms)[0m  [1mcommit transaction[0m
  [1m[35mActiveRecord::SchemaMigration Load (0.0ms)[0m  SELECT "schema_migrations".* FROM "schema_migrations"


Started GET "/" for 127.0.0.1 at 2014-09-04 13:03:36 +0200
  [1m[36mActiveRecord::SchemaMigration Load (0.0ms)[0m  [1mSELECT "schema_migrations".* FROM "schema_migrations"[0m
Processing by KittensController#index as HTML
  [1m[35mKitten Load (0.0ms)[0m  SELECT "kittens".* FROM "kittens"
  Rendered kittens/index.html.erb within layouts/application (15.6ms)
Completed 200 OK in 7781ms (Views: 7718.8ms | ActiveRecord: 0.0ms)


Started GET "/assets/kittens.css?body=1" for 127.0.0.1 at 2014-09-04 13:03:44 +0200


Started GET "/assets/application.css?body=1" for 127.0.0.1 at 2014-09-04 13:03:45 +0200


Started GET "/assets/scaffolds.css?body=1" for 127.0.0.1 at 2014-09-04 13:03:45 +0200


Started GET "/assets/jquery.js?body=1" for 127.0.0.1 at 2014-09-04 13:03:45 +0200


Started GET "/assets/kittens.js?body=1" for 127.0.0.1 at 2014-09-04 13:03:45 +0200


Started GET "/assets/jquery_ujs.js?body=1" for 127.0.0.1 at 2014-09-04 13:03:45 +0200


Started GET "/assets/turbolinks.js?body=1" for 127.0.0.1 at 2014-09-04 13:03:45 +0200


Started GET "/assets/application.js?body=1" for 127.0.0.1 at 2014-09-04 13:03:45 +0200


Started GET "/kittens/new" for 127.0.0.1 at 2014-09-04 13:03:50 +0200
Processing by KittensController#new as HTML
  Rendered kittens/_form.html.erb (218.8ms)
  Rendered kittens/new.html.erb within layouts/application (234.4ms)
Completed 200 OK in 250ms (Views: 234.4ms | ActiveRecord: 0.0ms)


Started POST "/kittens" for 127.0.0.1 at 2014-09-04 13:04:10 +0200
Processing by KittensController#create as HTML
  Parameters: {"utf8"=>"✓", "authenticity_token"=>"YseKAc2ncdz5CgpOcskG3HJzBzAPO9htdoeu4jDFQ9A=", "kitten"=>{"name"=>"Dingli", "age"=>"8", "cuteness"=>"very cute", "softness"=>"not so soft"}, "commit"=>"Create Kitten"}
  [1m[36m (0.0ms)[0m  [1mbegin transaction[0m
  [1m[35mSQL (62.5ms)[0m  INSERT INTO "kittens" ("age", "created_at", "cuteness", "name", "softness", "updated_at") VALUES (?, ?, ?, ?, ?, ?)  [["age", 8], ["created_at", Thu, 04 Sep 2014 11:04:10 UTC +00:00], ["cuteness", "very cute"], ["name", "Dingli"], ["softness", "not so soft"], ["updated_at", Thu, 04 Sep 2014 11:04:10 UTC +00:00]]
  [1m[36m (140.6ms)[0m  [1mcommit transaction[0m
Redirected to http://localhost:3000/kittens/1
Completed 302 Found in 234ms (ActiveRecord: 203.1ms)


Started GET "/kittens/1" for 127.0.0.1 at 2014-09-04 13:04:10 +0200
Processing by KittensController#show as HTML
  Parameters: {"id"=>"1"}
  [1m[35mKitten Load (0.0ms)[0m  SELECT "kittens".* FROM "kittens" WHERE "kittens"."id" = ? LIMIT 1  [["id", "1"]]
  Rendered kittens/show.html.erb within layouts/application (0.0ms)
Completed 200 OK in 63ms (Views: 46.9ms | ActiveRecord: 0.0ms)


Started GET "/assets/jquery.js?body=1" for 127.0.0.1 at 2014-09-04 13:04:10 +0200


Started GET "/assets/kittens.css?body=1" for 127.0.0.1 at 2014-09-04 13:04:10 +0200


Started GET "/assets/scaffolds.css?body=1" for 127.0.0.1 at 2014-09-04 13:04:10 +0200


Started GET "/assets/turbolinks.js?body=1" for 127.0.0.1 at 2014-09-04 13:04:10 +0200


Started GET "/assets/application.css?body=1" for 127.0.0.1 at 2014-09-04 13:04:10 +0200


Started GET "/assets/jquery_ujs.js?body=1" for 127.0.0.1 at 2014-09-04 13:04:10 +0200


Started GET "/assets/kittens.js?body=1" for 127.0.0.1 at 2014-09-04 13:04:10 +0200


Started GET "/assets/application.js?body=1" for 127.0.0.1 at 2014-09-04 13:04:10 +0200


Started GET "/kittens" for 127.0.0.1 at 2014-09-04 13:04:17 +0200
Processing by KittensController#index as HTML
  [1m[36mKitten Load (0.0ms)[0m  [1mSELECT "kittens".* FROM "kittens"[0m
  Rendered kittens/index.html.erb within layouts/application (0.0ms)
Completed 200 OK in 16ms (Views: 15.6ms | ActiveRecord: 0.0ms)


Started GET "/kittens/1" for 127.0.0.1 at 2014-09-04 13:04:20 +0200
Processing by KittensController#show as HTML
  Parameters: {"id"=>"1"}
  [1m[35mKitten Load (0.0ms)[0m  SELECT "kittens".* FROM "kittens" WHERE "kittens"."id" = ? LIMIT 1  [["id", "1"]]
  Rendered kittens/show.html.erb within layouts/application (15.6ms)
Completed 200 OK in 16ms (Views: 15.6ms | ActiveRecord: 0.0ms)


Started DELETE "/kittens/1" for 127.0.0.1 at 2014-09-04 13:04:25 +0200
Processing by KittensController#destroy as HTML
  Parameters: {"authenticity_token"=>"YseKAc2ncdz5CgpOcskG3HJzBzAPO9htdoeu4jDFQ9A=", "id"=>"1"}
  [1m[36mKitten Load (0.0ms)[0m  [1mSELECT "kittens".* FROM "kittens" WHERE "kittens"."id" = ? LIMIT 1[0m  [["id", "1"]]
  [1m[35m (0.0ms)[0m  begin transaction
  [1m[36mSQL (0.0ms)[0m  [1mDELETE FROM "kittens" WHERE "kittens"."id" = ?[0m  [["id", 1]]
  [1m[35m (78.1ms)[0m  commit transaction
Redirected to http://localhost:3000/kittens
Completed 302 Found in 78ms (ActiveRecord: 78.1ms)


Started GET "/kittens" for 127.0.0.1 at 2014-09-04 13:04:25 +0200
Processing by KittensController#index as HTML
  [1m[36mKitten Load (0.0ms)[0m  [1mSELECT "kittens".* FROM "kittens"[0m
  Rendered kittens/index.html.erb within layouts/application (0.0ms)
Completed 200 OK in 16ms (Views: 15.6ms | ActiveRecord: 0.0ms)


Started GET "/assets/kittens.css?body=1" for 127.0.0.1 at 2014-09-04 13:04:25 +0200


Started GET "/assets/turbolinks.js?body=1" for 127.0.0.1 at 2014-09-04 13:04:25 +0200


Started GET "/assets/jquery.js?body=1" for 127.0.0.1 at 2014-09-04 13:04:25 +0200


Started GET "/assets/jquery_ujs.js?body=1" for 127.0.0.1 at 2014-09-04 13:04:25 +0200


Started GET "/assets/scaffolds.css?body=1" for 127.0.0.1 at 2014-09-04 13:04:25 +0200


Started GET "/assets/application.css?body=1" for 127.0.0.1 at 2014-09-04 13:04:25 +0200


Started GET "/assets/kittens.js?body=1" for 127.0.0.1 at 2014-09-04 13:04:25 +0200


Started GET "/assets/application.js?body=1" for 127.0.0.1 at 2014-09-04 13:04:25 +0200


Started GET "/kittens/new" for 127.0.0.1 at 2014-09-04 13:04:51 +0200
  [1m[36mActiveRecord::SchemaMigration Load (0.0ms)[0m  [1mSELECT "schema_migrations".* FROM "schema_migrations"[0m
Processing by KittensController#new as HTML
  Rendered kittens/_form.html.erb (46.9ms)
  Rendered kittens/new.html.erb within layouts/application (62.5ms)
Completed 200 OK in 250ms (Views: 203.1ms | ActiveRecord: 0.0ms)


Started POST "/kittens" for 127.0.0.1 at 2014-09-04 13:05:09 +0200
Processing by KittensController#create as HTML
  Parameters: {"utf8"=>"✓", "authenticity_token"=>"YseKAc2ncdz5CgpOcskG3HJzBzAPO9htdoeu4jDFQ9A=", "kitten"=>{"name"=>"Alfo", "age"=>"32", "cuteness"=>"yes.", "softness"=>"yes."}, "commit"=>"Create Kitten"}
  [1m[35m (0.0ms)[0m  begin transaction
  [1m[36mSQL (0.0ms)[0m  [1mINSERT INTO "kittens" ("age", "created_at", "cuteness", "name", "softness", "updated_at") VALUES (?, ?, ?, ?, ?, ?)[0m  [["age", 32], ["created_at", Thu, 04 Sep 2014 11:05:09 UTC +00:00], ["cuteness", "yes."], ["name", "Alfo"], ["softness", "yes."], ["updated_at", Thu, 04 Sep 2014 11:05:09 UTC +00:00]]
  [1m[35m (125.0ms)[0m  commit transaction
Redirected to http://localhost:3000/kittens/2
Completed 302 Found in 156ms (ActiveRecord: 125.0ms)


Started GET "/kittens/2" for 127.0.0.1 at 2014-09-04 13:05:09 +0200
Processing by KittensController#show as HTML
  Parameters: {"id"=>"2"}
  [1m[36mKitten Load (0.0ms)[0m  [1mSELECT "kittens".* FROM "kittens" WHERE "kittens"."id" = ? LIMIT 1[0m  [["id", "2"]]
  Rendered kittens/show.html.erb within layouts/application (0.0ms)
Completed 200 OK in 16ms (Views: 15.6ms | ActiveRecord: 0.0ms)


Started GET "/assets/application.css?body=1" for 127.0.0.1 at 2014-09-04 13:05:09 +0200


Started GET "/assets/kittens.css?body=1" for 127.0.0.1 at 2014-09-04 13:05:09 +0200


Started GET "/assets/scaffolds.css?body=1" for 127.0.0.1 at 2014-09-04 13:05:09 +0200


Started GET "/assets/jquery.js?body=1" for 127.0.0.1 at 2014-09-04 13:05:09 +0200


Started GET "/assets/kittens.js?body=1" for 127.0.0.1 at 2014-09-04 13:05:09 +0200


Started GET "/assets/jquery_ujs.js?body=1" for 127.0.0.1 at 2014-09-04 13:05:09 +0200


Started GET "/assets/application.js?body=1" for 127.0.0.1 at 2014-09-04 13:05:09 +0200


Started GET "/assets/turbolinks.js?body=1" for 127.0.0.1 at 2014-09-04 13:05:09 +0200


Started GET "/kittens" for 127.0.0.1 at 2014-09-04 13:05:13 +0200
Processing by KittensController#index as HTML
  [1m[35mKitten Load (0.0ms)[0m  SELECT "kittens".* FROM "kittens"
  Rendered kittens/index.html.erb within layouts/application (0.0ms)
Completed 200 OK in 16ms (Views: 15.6ms | ActiveRecord: 0.0ms)


Started GET "/kittens/new" for 127.0.0.1 at 2014-09-04 13:05:14 +0200
Processing by KittensController#new as HTML
  Rendered kittens/_form.html.erb (15.6ms)
  Rendered kittens/new.html.erb within layouts/application (15.6ms)
Completed 200 OK in 16ms (Views: 15.6ms | ActiveRecord: 0.0ms)


Started POST "/kittens" for 127.0.0.1 at 2014-09-04 13:05:30 +0200
Processing by KittensController#create as HTML
  Parameters: {"utf8"=>"✓", "authenticity_token"=>"YseKAc2ncdz5CgpOcskG3HJzBzAPO9htdoeu4jDFQ9A=", "kitten"=>{"name"=>"Enga", "age"=>"12", "cuteness"=>"8/10", "softness"=>"1/2"}, "commit"=>"Create Kitten"}
  [1m[36m (0.0ms)[0m  [1mbegin transaction[0m
  [1m[35mSQL (0.0ms)[0m  INSERT INTO "kittens" ("age", "created_at", "cuteness", "name", "softness", "updated_at") VALUES (?, ?, ?, ?, ?, ?)  [["age", 12], ["created_at", Thu, 04 Sep 2014 11:05:30 UTC +00:00], ["cuteness", "8/10"], ["name", "Enga"], ["softness", "1/2"], ["updated_at", Thu, 04 Sep 2014 11:05:30 UTC +00:00]]
  [1m[36m (140.6ms)[0m  [1mcommit transaction[0m
Redirected to http://localhost:3000/kittens/3
Completed 302 Found in 141ms (ActiveRecord: 140.6ms)


Started GET "/kittens/3" for 127.0.0.1 at 2014-09-04 13:05:31 +0200
Processing by KittensController#show as HTML
  Parameters: {"id"=>"3"}
  [1m[35mKitten Load (0.0ms)[0m  SELECT "kittens".* FROM "kittens" WHERE "kittens"."id" = ? LIMIT 1  [["id", "3"]]
  Rendered kittens/show.html.erb within layouts/application (15.6ms)
Completed 200 OK in 16ms (Views: 15.6ms | ActiveRecord: 0.0ms)


Started GET "/assets/jquery.js?body=1" for 127.0.0.1 at 2014-09-04 13:05:31 +0200


Started GET "/assets/scaffolds.css?body=1" for 127.0.0.1 at 2014-09-04 13:05:31 +0200


Started GET "/assets/jquery_ujs.js?body=1" for 127.0.0.1 at 2014-09-04 13:05:31 +0200


Started GET "/assets/kittens.css?body=1" for 127.0.0.1 at 2014-09-04 13:05:31 +0200


Started GET "/assets/turbolinks.js?body=1" for 127.0.0.1 at 2014-09-04 13:05:31 +0200


Started GET "/assets/application.css?body=1" for 127.0.0.1 at 2014-09-04 13:05:31 +0200


Started GET "/assets/kittens.js?body=1" for 127.0.0.1 at 2014-09-04 13:05:31 +0200


Started GET "/assets/application.js?body=1" for 127.0.0.1 at 2014-09-04 13:05:31 +0200


Started GET "/kittens" for 127.0.0.1 at 2014-09-04 13:05:32 +0200
Processing by KittensController#index as HTML
  [1m[36mKitten Load (0.0ms)[0m  [1mSELECT "kittens".* FROM "kittens"[0m
  Rendered kittens/index.html.erb within layouts/application (0.0ms)
Completed 200 OK in 16ms (Views: 15.6ms | ActiveRecord: 0.0ms)


Started GET "/" for 127.0.0.1 at 2014-09-04 13:11:59 +0200
  [1m[36mActiveRecord::SchemaMigration Load (0.0ms)[0m  [1mSELECT "schema_migrations".* FROM "schema_migrations"[0m
Processing by KittensController#index as XML
  [1m[35mKitten Load (0.0ms)[0m  SELECT "kittens".* FROM "kittens"
  Rendered kittens/index.html.erb within layouts/application (15.6ms)
Completed 200 OK in 188ms (Views: 156.2ms | ActiveRecord: 0.0ms)


Started GET "/" for 127.0.0.1 at 2014-09-04 13:13:03 +0200
Processing by KittensController#index as JSON
  [1m[36mKitten Load (0.0ms)[0m  [1mSELECT "kittens".* FROM "kittens"[0m
  Rendered kittens/index.json.jbuilder (46.9ms)
Completed 200 OK in 63ms (Views: 62.5ms | ActiveRecord: 0.0ms)


Started GET "/" for 127.0.0.1 at 2014-09-04 13:15:33 +0200
Processing by KittensController#index as XML
Completed 500 Internal Server Error in 16ms

ActionView::MissingTemplate (Missing template kittens/index, application/index with {:locale=>[:en], :formats=>[:xml], :handlers=>[:erb, :builder, :raw, :ruby, :jbuilder, :coffee]}. Searched in:
  * "C:/Documents and Settings/Krzysiek/Pulpit/Odin/projects/odin-kittens/app/views"
):
  actionpack (4.0.5) lib/action_view/path_set.rb:46:in `find'
  actionpack (4.0.5) lib/action_view/lookup_context.rb:122:in `find'
  C:in `find_template'
  actionpack (4.0.5) lib/action_view/renderer/template_renderer.rb:35:in `determine_template'
  actionpack (4.0.5) lib/action_view/renderer/template_renderer.rb:8:in `render'
  actionpack (4.0.5) lib/action_view/renderer/renderer.rb:42:in `render_template'
  actionpack (4.0.5) lib/action_view/renderer/renderer.rb:23:in `render'
  actionpack (4.0.5) lib/abstract_controller/rendering.rb:127:in `_render_template'
  actionpack (4.0.5) lib/action_controller/metal/streaming.rb:219:in `_render_template'
  actionpack (4.0.5) lib/abstract_controller/rendering.rb:120:in `render_to_body'
  actionpack (4.0.5) lib/action_controller/metal/rendering.rb:33:in `render_to_body'
  actionpack (4.0.5) lib/action_controller/metal/renderers.rb:26:in `render_to_body'
  actionpack (4.0.5) lib/abstract_controller/rendering.rb:97:in `render'
  actionpack (4.0.5) lib/action_controller/metal/rendering.rb:16:in `render'
  actionpack (4.0.5) lib/action_controller/metal/instrumentation.rb:41:in `block (2 levels) in render'
  activesupport (4.0.5) lib/active_support/core_ext/benchmark.rb:12:in `block in ms'
  C:/Ruby200/lib/ruby/2.0.0/benchmark.rb:296:in `realtime'
  activesupport (4.0.5) lib/active_support/core_ext/benchmark.rb:12:in `ms'
  actionpack (4.0.5) lib/action_controller/metal/instrumentation.rb:41:in `block in render'
  actionpack (4.0.5) lib/action_controller/metal/instrumentation.rb:84:in `cleanup_view_runtime'
  activerecord (4.0.5) lib/active_record/railties/controller_runtime.rb:25:in `cleanup_view_runtime'
  actionpack (4.0.5) lib/action_controller/metal/instrumentation.rb:40:in `render'
  actionpack (4.0.5) lib/action_controller/metal/implicit_render.rb:10:in `default_render'
  actionpack (4.0.5) lib/action_controller/metal/implicit_render.rb:5:in `send_action'
  actionpack (4.0.5) lib/abstract_controller/base.rb:189:in `process_action'
  actionpack (4.0.5) lib/action_controller/metal/rendering.rb:10:in `process_action'
  actionpack (4.0.5) lib/abstract_controller/callbacks.rb:18:in `block in process_action'
  activesupport (4.0.5) lib/active_support/callbacks.rb:413:in `_run__276990306__process_action__callbacks'
  activesupport (4.0.5) lib/active_support/callbacks.rb:80:in `run_callbacks'
  actionpack (4.0.5) lib/abstract_controller/callbacks.rb:17:in `process_action'
  actionpack (4.0.5) lib/action_controller/metal/rescue.rb:29:in `process_action'
  actionpack (4.0.5) lib/action_controller/metal/instrumentation.rb:31:in `block in process_action'
  activesupport (4.0.5) lib/active_support/notifications.rb:159:in `block in instrument'
  activesupport (4.0.5) lib/active_support/notifications/instrumenter.rb:20:in `instrument'
  activesupport (4.0.5) lib/active_support/notifications.rb:159:in `instrument'
  actionpack (4.0.5) lib/action_controller/metal/instrumentation.rb:30:in `process_action'
  actionpack (4.0.5) lib/action_controller/metal/params_wrapper.rb:250:in `process_action'
  activerecord (4.0.5) lib/active_record/railties/controller_runtime.rb:18:in `process_action'
  actionpack (4.0.5) lib/abstract_controller/base.rb:136:in `process'
  actionpack (4.0.5) lib/abstract_controller/rendering.rb:44:in `process'
  actionpack (4.0.5) lib/action_controller/metal.rb:195:in `dispatch'
  actionpack (4.0.5) lib/action_controller/metal/rack_delegation.rb:13:in `dispatch'
  actionpack (4.0.5) lib/action_controller/metal.rb:231:in `block in action'
  actionpack (4.0.5) lib/action_dispatch/routing/route_set.rb:80:in `call'
  actionpack (4.0.5) lib/action_dispatch/routing/route_set.rb:80:in `dispatch'
  actionpack (4.0.5) lib/action_dispatch/routing/route_set.rb:48:in `call'
  actionpack (4.0.5) lib/action_dispatch/journey/router.rb:71:in `block in call'
  actionpack (4.0.5) lib/action_dispatch/journey/router.rb:59:in `each'
  actionpack (4.0.5) lib/action_dispatch/journey/router.rb:59:in `call'
  actionpack (4.0.5) lib/action_dispatch/routing/route_set.rb:674:in `call'
  rack (1.5.2) lib/rack/etag.rb:23:in `call'
  rack (1.5.2) lib/rack/conditionalget.rb:25:in `call'
  rack (1.5.2) lib/rack/head.rb:11:in `call'
  actionpack (4.0.5) lib/action_dispatch/middleware/params_parser.rb:27:in `call'
  actionpack (4.0.5) lib/action_dispatch/middleware/flash.rb:241:in `call'
  rack (1.5.2) lib/rack/session/abstract/id.rb:225:in `context'
  rack (1.5.2) lib/rack/session/abstract/id.rb:220:in `call'
  actionpack (4.0.5) lib/action_dispatch/middleware/cookies.rb:486:in `call'
  activerecord (4.0.5) lib/active_record/query_cache.rb:36:in `call'
  activerecord (4.0.5) lib/active_record/connection_adapters/abstract/connection_pool.rb:626:in `call'
  activerecord (4.0.5) lib/active_record/migration.rb:373:in `call'
  actionpack (4.0.5) lib/action_dispatch/middleware/callbacks.rb:29:in `block in call'
  activesupport (4.0.5) lib/active_support/callbacks.rb:373:in `_run__850318569__call__callbacks'
  activesupport (4.0.5) lib/active_support/callbacks.rb:80:in `run_callbacks'
  actionpack (4.0.5) lib/action_dispatch/middleware/callbacks.rb:27:in `call'
  actionpack (4.0.5) lib/action_dispatch/middleware/reloader.rb:64:in `call'
  actionpack (4.0.5) lib/action_dispatch/middleware/remote_ip.rb:76:in `call'
  actionpack (4.0.5) lib/action_dispatch/middleware/debug_exceptions.rb:17:in `call'
  actionpack (4.0.5) lib/action_dispatch/middleware/show_exceptions.rb:30:in `call'
  railties (4.0.5) lib/rails/rack/logger.rb:38:in `call_app'
  railties (4.0.5) lib/rails/rack/logger.rb:20:in `block in call'
  activesupport (4.0.5) lib/active_support/tagged_logging.rb:68:in `block in tagged'
  activesupport (4.0.5) lib/active_support/tagged_logging.rb:26:in `tagged'
  activesupport (4.0.5) lib/active_support/tagged_logging.rb:68:in `tagged'
  railties (4.0.5) lib/rails/rack/logger.rb:20:in `call'
  actionpack (4.0.5) lib/action_dispatch/middleware/request_id.rb:21:in `call'
  rack (1.5.2) lib/rack/methodoverride.rb:21:in `call'
  rack (1.5.2) lib/rack/runtime.rb:17:in `call'
  activesupport (4.0.5) lib/active_support/cache/strategy/local_cache.rb:83:in `call'
  rack (1.5.2) lib/rack/lock.rb:17:in `call'
  actionpack (4.0.5) lib/action_dispatch/middleware/static.rb:64:in `call'
  rack (1.5.2) lib/rack/sendfile.rb:112:in `call'
  railties (4.0.5) lib/rails/engine.rb:511:in `call'
  railties (4.0.5) lib/rails/application.rb:97:in `call'
  rack (1.5.2) lib/rack/lock.rb:17:in `call'
  rack (1.5.2) lib/rack/content_length.rb:14:in `call'
  rack (1.5.2) lib/rack/handler/webrick.rb:60:in `service'
  C:/Ruby200/lib/ruby/2.0.0/webrick/httpserver.rb:138:in `service'
  C:/Ruby200/lib/ruby/2.0.0/webrick/httpserver.rb:94:in `run'
  C:/Ruby200/lib/ruby/2.0.0/webrick/server.rb:295:in `block in start_thread'


  Rendered C:/Ruby200/lib/ruby/gems/2.0.0/gems/actionpack-4.0.5/lib/action_dispatch/middleware/templates/rescues/missing_template.erb within rescues/layout (0.0ms)


Started GET "/" for 127.0.0.1 at 2014-09-04 13:17:27 +0200

SyntaxError (C:/Documents and Settings/Krzysiek/Pulpit/Odin/projects/odin-kittens/app/controllers/kittens_controller.rb:65: syntax error, unexpected end-of-input, expecting keyword_end):
  activesupport (4.0.5) lib/active_support/dependencies.rb:424:in `load'
  activesupport (4.0.5) lib/active_support/dependencies.rb:424:in `block in load_file'
  activesupport (4.0.5) lib/active_support/dependencies.rb:616:in `new_constants_in'
  activesupport (4.0.5) lib/active_support/dependencies.rb:423:in `load_file'
  activesupport (4.0.5) lib/active_support/dependencies.rb:324:in `require_or_load'
  activesupport (4.0.5) lib/active_support/dependencies.rb:463:in `load_missing_constant'
  activesupport (4.0.5) lib/active_support/dependencies.rb:184:in `const_missing'
  activesupport (4.0.5) lib/active_support/inflector/methods.rb:226:in `const_get'
  activesupport (4.0.5) lib/active_support/inflector/methods.rb:226:in `block in constantize'
  activesupport (4.0.5) lib/active_support/inflector/methods.rb:224:in `each'
  activesupport (4.0.5) lib/active_support/inflector/methods.rb:224:in `inject'
  activesupport (4.0.5) lib/active_support/inflector/methods.rb:224:in `constantize'
  activesupport (4.0.5) lib/active_support/dependencies.rb:535:in `get'
  activesupport (4.0.5) lib/active_support/dependencies.rb:566:in `constantize'
  actionpack (4.0.5) lib/action_dispatch/routing/route_set.rb:76:in `controller_reference'
  actionpack (4.0.5) lib/action_dispatch/routing/route_set.rb:66:in `controller'
  actionpack (4.0.5) lib/action_dispatch/routing/route_set.rb:44:in `call'
  actionpack (4.0.5) lib/action_dispatch/journey/router.rb:71:in `block in call'
  actionpack (4.0.5) lib/action_dispatch/journey/router.rb:59:in `each'
  actionpack (4.0.5) lib/action_dispatch/journey/router.rb:59:in `call'
  actionpack (4.0.5) lib/action_dispatch/routing/route_set.rb:674:in `call'
  rack (1.5.2) lib/rack/etag.rb:23:in `call'
  rack (1.5.2) lib/rack/conditionalget.rb:25:in `call'
  rack (1.5.2) lib/rack/head.rb:11:in `call'
  actionpack (4.0.5) lib/action_dispatch/middleware/params_parser.rb:27:in `call'
  actionpack (4.0.5) lib/action_dispatch/middleware/flash.rb:241:in `call'
  rack (1.5.2) lib/rack/session/abstract/id.rb:225:in `context'
  rack (1.5.2) lib/rack/session/abstract/id.rb:220:in `call'
  actionpack (4.0.5) lib/action_dispatch/middleware/cookies.rb:486:in `call'
  activerecord (4.0.5) lib/active_record/query_cache.rb:36:in `call'
  activerecord (4.0.5) lib/active_record/connection_adapters/abstract/connection_pool.rb:626:in `call'
  activerecord (4.0.5) lib/active_record/migration.rb:373:in `call'
  actionpack (4.0.5) lib/action_dispatch/middleware/callbacks.rb:29:in `block in call'
  activesupport (4.0.5) lib/active_support/callbacks.rb:373:in `_run__850318569__call__callbacks'
  activesupport (4.0.5) lib/active_support/callbacks.rb:80:in `run_callbacks'
  actionpack (4.0.5) lib/action_dispatch/middleware/callbacks.rb:27:in `call'
  actionpack (4.0.5) lib/action_dispatch/middleware/reloader.rb:64:in `call'
  actionpack (4.0.5) lib/action_dispatch/middleware/remote_ip.rb:76:in `call'
  actionpack (4.0.5) lib/action_dispatch/middleware/debug_exceptions.rb:17:in `call'
  actionpack (4.0.5) lib/action_dispatch/middleware/show_exceptions.rb:30:in `call'
  railties (4.0.5) lib/rails/rack/logger.rb:38:in `call_app'
  railties (4.0.5) lib/rails/rack/logger.rb:20:in `block in call'
  activesupport (4.0.5) lib/active_support/tagged_logging.rb:68:in `block in tagged'
  activesupport (4.0.5) lib/active_support/tagged_logging.rb:26:in `tagged'
  activesupport (4.0.5) lib/active_support/tagged_logging.rb:68:in `tagged'
  railties (4.0.5) lib/rails/rack/logger.rb:20:in `call'
  actionpack (4.0.5) lib/action_dispatch/middleware/request_id.rb:21:in `call'
  rack (1.5.2) lib/rack/methodoverride.rb:21:in `call'
  rack (1.5.2) lib/rack/runtime.rb:17:in `call'
  activesupport (4.0.5) lib/active_support/cache/strategy/local_cache.rb:83:in `call'
  rack (1.5.2) lib/rack/lock.rb:17:in `call'
  actionpack (4.0.5) lib/action_dispatch/middleware/static.rb:64:in `call'
  rack (1.5.2) lib/rack/sendfile.rb:112:in `call'
  railties (4.0.5) lib/rails/engine.rb:511:in `call'
  railties (4.0.5) lib/rails/application.rb:97:in `call'
  rack (1.5.2) lib/rack/lock.rb:17:in `call'
  rack (1.5.2) lib/rack/content_length.rb:14:in `call'
  rack (1.5.2) lib/rack/handler/webrick.rb:60:in `service'
  C:/Ruby200/lib/ruby/2.0.0/webrick/httpserver.rb:138:in `service'
  C:/Ruby200/lib/ruby/2.0.0/webrick/httpserver.rb:94:in `run'
  C:/Ruby200/lib/ruby/2.0.0/webrick/server.rb:295:in `block in start_thread'


  Rendered C:/Ruby200/lib/ruby/gems/2.0.0/gems/actionpack-4.0.5/lib/action_dispatch/middleware/templates/rescues/_source.erb (0.0ms)
  Rendered C:/Ruby200/lib/ruby/gems/2.0.0/gems/actionpack-4.0.5/lib/action_dispatch/middleware/templates/rescues/_trace.erb (0.0ms)
  Rendered C:/Ruby200/lib/ruby/gems/2.0.0/gems/actionpack-4.0.5/lib/action_dispatch/middleware/templates/rescues/_request_and_response.erb (0.0ms)
  Rendered C:/Ruby200/lib/ruby/gems/2.0.0/gems/actionpack-4.0.5/lib/action_dispatch/middleware/templates/rescues/diagnostics.erb within rescues/layout (78.1ms)


Started GET "/" for 127.0.0.1 at 2014-09-04 13:17:46 +0200
Processing by KittensController#index as XML
  [1m[35mKitten Load (0.0ms)[0m  SELECT "kittens".* FROM "kittens"
Completed 200 OK in 125ms (Views: 125.0ms | ActiveRecord: 0.0ms)


Started GET "/" for 127.0.0.1 at 2014-09-04 13:18:11 +0200
Processing by KittensController#index as XML
Completed 500 Internal Server Error in 0ms

ActionView::MissingTemplate (Missing template kittens/index, application/index with {:locale=>[:en], :formats=>[:xml], :handlers=>[:erb, :builder, :raw, :ruby, :jbuilder, :coffee]}. Searched in:
  * "C:/Documents and Settings/Krzysiek/Pulpit/Odin/projects/odin-kittens/app/views"
):
  actionpack (4.0.5) lib/action_view/path_set.rb:46:in `find'
  actionpack (4.0.5) lib/action_view/lookup_context.rb:122:in `find'
  C:in `find_template'
  actionpack (4.0.5) lib/action_view/renderer/template_renderer.rb:35:in `determine_template'
  actionpack (4.0.5) lib/action_view/renderer/template_renderer.rb:8:in `render'
  actionpack (4.0.5) lib/action_view/renderer/renderer.rb:42:in `render_template'
  actionpack (4.0.5) lib/action_view/renderer/renderer.rb:23:in `render'
  actionpack (4.0.5) lib/abstract_controller/rendering.rb:127:in `_render_template'
  actionpack (4.0.5) lib/action_controller/metal/streaming.rb:219:in `_render_template'
  actionpack (4.0.5) lib/abstract_controller/rendering.rb:120:in `render_to_body'
  actionpack (4.0.5) lib/action_controller/metal/rendering.rb:33:in `render_to_body'
  actionpack (4.0.5) lib/action_controller/metal/renderers.rb:26:in `render_to_body'
  actionpack (4.0.5) lib/abstract_controller/rendering.rb:97:in `render'
  actionpack (4.0.5) lib/action_controller/metal/rendering.rb:16:in `render'
  actionpack (4.0.5) lib/action_controller/metal/instrumentation.rb:41:in `block (2 levels) in render'
  activesupport (4.0.5) lib/active_support/core_ext/benchmark.rb:12:in `block in ms'
  C:/Ruby200/lib/ruby/2.0.0/benchmark.rb:296:in `realtime'
  activesupport (4.0.5) lib/active_support/core_ext/benchmark.rb:12:in `ms'
  actionpack (4.0.5) lib/action_controller/metal/instrumentation.rb:41:in `block in render'
  actionpack (4.0.5) lib/action_controller/metal/instrumentation.rb:84:in `cleanup_view_runtime'
  activerecord (4.0.5) lib/active_record/railties/controller_runtime.rb:25:in `cleanup_view_runtime'
  actionpack (4.0.5) lib/action_controller/metal/instrumentation.rb:40:in `render'
  actionpack (4.0.5) lib/action_controller/metal/implicit_render.rb:10:in `default_render'
  actionpack (4.0.5) lib/action_controller/metal/implicit_render.rb:5:in `send_action'
  actionpack (4.0.5) lib/abstract_controller/base.rb:189:in `process_action'
  actionpack (4.0.5) lib/action_controller/metal/rendering.rb:10:in `process_action'
  actionpack (4.0.5) lib/abstract_controller/callbacks.rb:18:in `block in process_action'
  activesupport (4.0.5) lib/active_support/callbacks.rb:413:in `_run__276990306__process_action__callbacks'
  activesupport (4.0.5) lib/active_support/callbacks.rb:80:in `run_callbacks'
  actionpack (4.0.5) lib/abstract_controller/callbacks.rb:17:in `process_action'
  actionpack (4.0.5) lib/action_controller/metal/rescue.rb:29:in `process_action'
  actionpack (4.0.5) lib/action_controller/metal/instrumentation.rb:31:in `block in process_action'
  activesupport (4.0.5) lib/active_support/notifications.rb:159:in `block in instrument'
  activesupport (4.0.5) lib/active_support/notifications/instrumenter.rb:20:in `instrument'
  activesupport (4.0.5) lib/active_support/notifications.rb:159:in `instrument'
  actionpack (4.0.5) lib/action_controller/metal/instrumentation.rb:30:in `process_action'
  actionpack (4.0.5) lib/action_controller/metal/params_wrapper.rb:250:in `process_action'
  activerecord (4.0.5) lib/active_record/railties/controller_runtime.rb:18:in `process_action'
  actionpack (4.0.5) lib/abstract_controller/base.rb:136:in `process'
  actionpack (4.0.5) lib/abstract_controller/rendering.rb:44:in `process'
  actionpack (4.0.5) lib/action_controller/metal.rb:195:in `dispatch'
  actionpack (4.0.5) lib/action_controller/metal/rack_delegation.rb:13:in `dispatch'
  actionpack (4.0.5) lib/action_controller/metal.rb:231:in `block in action'
  actionpack (4.0.5) lib/action_dispatch/routing/route_set.rb:80:in `call'
  actionpack (4.0.5) lib/action_dispatch/routing/route_set.rb:80:in `dispatch'
  actionpack (4.0.5) lib/action_dispatch/routing/route_set.rb:48:in `call'
  actionpack (4.0.5) lib/action_dispatch/journey/router.rb:71:in `block in call'
  actionpack (4.0.5) lib/action_dispatch/journey/router.rb:59:in `each'
  actionpack (4.0.5) lib/action_dispatch/journey/router.rb:59:in `call'
  actionpack (4.0.5) lib/action_dispatch/routing/route_set.rb:674:in `call'
  rack (1.5.2) lib/rack/etag.rb:23:in `call'
  rack (1.5.2) lib/rack/conditionalget.rb:25:in `call'
  rack (1.5.2) lib/rack/head.rb:11:in `call'
  actionpack (4.0.5) lib/action_dispatch/middleware/params_parser.rb:27:in `call'
  actionpack (4.0.5) lib/action_dispatch/middleware/flash.rb:241:in `call'
  rack (1.5.2) lib/rack/session/abstract/id.rb:225:in `context'
  rack (1.5.2) lib/rack/session/abstract/id.rb:220:in `call'
  actionpack (4.0.5) lib/action_dispatch/middleware/cookies.rb:486:in `call'
  activerecord (4.0.5) lib/active_record/query_cache.rb:36:in `call'
  activerecord (4.0.5) lib/active_record/connection_adapters/abstract/connection_pool.rb:626:in `call'
  activerecord (4.0.5) lib/active_record/migration.rb:373:in `call'
  actionpack (4.0.5) lib/action_dispatch/middleware/callbacks.rb:29:in `block in call'
  activesupport (4.0.5) lib/active_support/callbacks.rb:373:in `_run__850318569__call__callbacks'
  activesupport (4.0.5) lib/active_support/callbacks.rb:80:in `run_callbacks'
  actionpack (4.0.5) lib/action_dispatch/middleware/callbacks.rb:27:in `call'
  actionpack (4.0.5) lib/action_dispatch/middleware/reloader.rb:64:in `call'
  actionpack (4.0.5) lib/action_dispatch/middleware/remote_ip.rb:76:in `call'
  actionpack (4.0.5) lib/action_dispatch/middleware/debug_exceptions.rb:17:in `call'
  actionpack (4.0.5) lib/action_dispatch/middleware/show_exceptions.rb:30:in `call'
  railties (4.0.5) lib/rails/rack/logger.rb:38:in `call_app'
  railties (4.0.5) lib/rails/rack/logger.rb:20:in `block in call'
  activesupport (4.0.5) lib/active_support/tagged_logging.rb:68:in `block in tagged'
  activesupport (4.0.5) lib/active_support/tagged_logging.rb:26:in `tagged'
  activesupport (4.0.5) lib/active_support/tagged_logging.rb:68:in `tagged'
  railties (4.0.5) lib/rails/rack/logger.rb:20:in `call'
  actionpack (4.0.5) lib/action_dispatch/middleware/request_id.rb:21:in `call'
  rack (1.5.2) lib/rack/methodoverride.rb:21:in `call'
  rack (1.5.2) lib/rack/runtime.rb:17:in `call'
  activesupport (4.0.5) lib/active_support/cache/strategy/local_cache.rb:83:in `call'
  rack (1.5.2) lib/rack/lock.rb:17:in `call'
  actionpack (4.0.5) lib/action_dispatch/middleware/static.rb:64:in `call'
  rack (1.5.2) lib/rack/sendfile.rb:112:in `call'
  railties (4.0.5) lib/rails/engine.rb:511:in `call'
  railties (4.0.5) lib/rails/application.rb:97:in `call'
  rack (1.5.2) lib/rack/lock.rb:17:in `call'
  rack (1.5.2) lib/rack/content_length.rb:14:in `call'
  rack (1.5.2) lib/rack/handler/webrick.rb:60:in `service'
  C:/Ruby200/lib/ruby/2.0.0/webrick/httpserver.rb:138:in `service'
  C:/Ruby200/lib/ruby/2.0.0/webrick/httpserver.rb:94:in `run'
  C:/Ruby200/lib/ruby/2.0.0/webrick/server.rb:295:in `block in start_thread'


  Rendered C:/Ruby200/lib/ruby/gems/2.0.0/gems/actionpack-4.0.5/lib/action_dispatch/middleware/templates/rescues/missing_template.erb within rescues/layout (0.0ms)


Started GET "/" for 127.0.0.1 at 2014-09-04 13:18:17 +0200
Processing by KittensController#index as XML
  [1m[36mKitten Load (15.6ms)[0m  [1mSELECT "kittens".* FROM "kittens"[0m
Completed 200 OK in 31ms (Views: 15.6ms | ActiveRecord: 15.6ms)


Started GET "/kittens/1" for 127.0.0.1 at 2014-09-04 13:21:24 +0200
Processing by KittensController#show as XML
  Parameters: {"id"=>"1"}
  [1m[35mKitten Load (0.0ms)[0m  SELECT "kittens".* FROM "kittens" WHERE "kittens"."id" = ? LIMIT 1  [["id", "1"]]
Completed 404 Not Found in 16ms

ActiveRecord::RecordNotFound (Couldn't find Kitten with id=1):
  app/controllers/kittens_controller.rb:54:in `set_kitten'


  Rendered C:/Ruby200/lib/ruby/gems/2.0.0/gems/actionpack-4.0.5/lib/action_dispatch/middleware/templates/rescues/_source.erb (0.0ms)
  Rendered C:/Ruby200/lib/ruby/gems/2.0.0/gems/actionpack-4.0.5/lib/action_dispatch/middleware/templates/rescues/_trace.erb (0.0ms)
  Rendered C:/Ruby200/lib/ruby/gems/2.0.0/gems/actionpack-4.0.5/lib/action_dispatch/middleware/templates/rescues/_request_and_response.erb (0.0ms)
  Rendered C:/Ruby200/lib/ruby/gems/2.0.0/gems/actionpack-4.0.5/lib/action_dispatch/middleware/templates/rescues/diagnostics.erb within rescues/layout (46.9ms)


Started GET "/kittens/2" for 127.0.0.1 at 2014-09-04 13:21:29 +0200
Processing by KittensController#show as XML
  Parameters: {"id"=>"2"}
  [1m[36mKitten Load (0.0ms)[0m  [1mSELECT "kittens".* FROM "kittens" WHERE "kittens"."id" = ? LIMIT 1[0m  [["id", "2"]]
Completed 200 OK in 16ms (Views: 0.0ms | ActiveRecord: 0.0ms)


Started GET "/kittens/2" for 127.0.0.1 at 2014-09-04 13:21:34 +0200
Processing by KittensController#show as JSON
  Parameters: {"id"=>"2"}
  [1m[35mKitten Load (0.0ms)[0m  SELECT "kittens".* FROM "kittens" WHERE "kittens"."id" = ? LIMIT 1  [["id", "2"]]
Completed 200 OK in 0ms (Views: 0.0ms | ActiveRecord: 0.0ms)
